<?xml version="1.0" encoding="UTF-8"?>
<testng-results ignored="0" total="1" passed="1" failed="0" skipped="0">
  <reporter-output>
  </reporter-output>
  <suite started-at="2025-11-15T11:10:29 IST" name="Default suite" finished-at="2025-11-15T11:10:53 IST" duration-ms="23969">
    <groups>
      <group name="smoke">
        <method signature="ToCreateSalesOrderTest.createSalesOrderTest()[pri:0, instance:vtiger.ToCreateSalesOrderTest@6150c3ec]" name="createSalesOrderTest" class="vtiger.ToCreateSalesOrderTest"/>
      </group> <!-- smoke -->
    </groups>
    <test started-at="2025-11-15T11:10:29 IST" name="Default test" finished-at="2025-11-15T11:10:53 IST" duration-ms="23969">
      <class name="vtiger.ToCreateSalesOrderTest">
        <test-method is-config="true" signature="reportConfig()[pri:0, instance:vtiger.ToCreateSalesOrderTest@6150c3ec]" started-at="2025-11-15T11:10:29 IST" name="reportConfig" finished-at="2025-11-15T11:10:29 IST" duration-ms="9" status="PASS">
          <reporter-output>
          </reporter-output>
        </test-method> <!-- reportConfig -->
        <test-method is-config="true" signature="openBrowser()[pri:0, instance:vtiger.ToCreateSalesOrderTest@6150c3ec]" started-at="2025-11-15T11:10:29 IST" name="openBrowser" finished-at="2025-11-15T11:10:31 IST" duration-ms="1938" status="PASS">
          <reporter-output>
          </reporter-output>
        </test-method> <!-- openBrowser -->
        <test-method is-config="true" signature="login()[pri:0, instance:vtiger.ToCreateSalesOrderTest@6150c3ec]" started-at="2025-11-15T11:10:31 IST" name="login" finished-at="2025-11-15T11:10:34 IST" duration-ms="2486" status="PASS">
          <reporter-output>
          </reporter-output>
        </test-method> <!-- login -->
        <test-method signature="createSalesOrderTest()[pri:0, instance:vtiger.ToCreateSalesOrderTest@6150c3ec]" started-at="2025-11-15T11:10:34 IST" name="createSalesOrderTest" finished-at="2025-11-15T11:10:52 IST" duration-ms="18586" status="PASS">
          <reporter-output>
          </reporter-output>
        </test-method> <!-- createSalesOrderTest -->
        <test-method is-config="true" signature="logout()[pri:0, instance:vtiger.ToCreateSalesOrderTest@6150c3ec]" started-at="2025-11-15T11:10:52 IST" name="logout" finished-at="2025-11-15T11:10:53 IST" duration-ms="746" status="PASS">
          <reporter-output>
          </reporter-output>
        </test-method> <!-- logout -->
        <test-method is-config="true" signature="closeBrowser()[pri:0, instance:vtiger.ToCreateSalesOrderTest@6150c3ec]" started-at="2025-11-15T11:10:53 IST" name="closeBrowser" finished-at="2025-11-15T11:10:53 IST" duration-ms="168" status="PASS">
          <reporter-output>
          </reporter-output>
        </test-method> <!-- closeBrowser -->
        <test-method is-config="true" signature="reporBackup()[pri:0, instance:vtiger.ToCreateSalesOrderTest@6150c3ec]" started-at="2025-11-15T11:10:53 IST" name="reporBackup" finished-at="2025-11-15T11:10:53 IST" duration-ms="0" status="PASS">
          <reporter-output>
          </reporter-output>
        </test-method> <!-- reporBackup -->
      </class> <!-- vtiger.ToCreateSalesOrderTest -->
    </test> <!-- Default test -->
  </suite> <!-- Default suite -->
</testng-results>
